<?xml version="1.0" encoding="UTF-8"?>
<!-- Generated by org.testng.reporters.JUnitReportReporter -->
<testsuite hostname="LAPTOP-6AKV2JN9" failures="0" tests="1" name="testScripts.HomeTest" time="78.054" errors="0" timestamp="2024-02-05T06:54:13 IST" skipped="0">
  <testcase classname="testScripts.HomeTest" name="verifyUserAbleToClickOnEachGrid" time="78.054"/>
</testsuite> <!-- testScripts.HomeTest -->
