<?xml version="1.0" encoding="UTF-8"?>
<!-- Generated by org.testng.reporters.JUnitReportReporter -->
<testsuite hostname="LAPTOP-6AKV2JN9" failures="0" tests="1" name="testScripts.ManageSliderTest" time="152.453" errors="0" timestamp="2024-01-31T15:36:23 IST" skipped="0">
  <testcase classname="testScripts.ManageSliderTest" name="verifyThatUserIsAbleToUploadImageInManageSliderLink" time="152.453"/>
</testsuite> <!-- testScripts.ManageSliderTest -->
