<?xml version="1.0" encoding="UTF-8"?>
<!-- Generated by org.testng.reporters.JUnitReportReporter -->
<testsuite hostname="LAPTOP-6AKV2JN9" failures="0" tests="1" name="testScripts.ManageOrderTest" time="93.084" errors="0" timestamp="2024-02-01T15:37:57 IST" skipped="0">
  <testcase classname="testScripts.ManageOrderTest" name="verifyUserAbleToChangeStatus" time="93.084"/>
</testsuite> <!-- testScripts.ManageOrderTest -->
