<?xml version="1.0" encoding="UTF-8"?>
<!-- Generated by org.testng.reporters.JUnitReportReporter -->
<testsuite hostname="LAPTOP-6AKV2JN9" failures="0" tests="1" name="testScripts.LoginTest" time="9.903" errors="0" timestamp="2024-02-14T07:55:44 IST" skipped="0">
  <testcase classname="testScripts.LoginTest" name="verifyUserAbleToLoginWithCorrectUsernameAndCorrectPassword" time="9.903"/>
</testsuite> <!-- testScripts.LoginTest -->
