<?xml version="1.0" encoding="UTF-8"?>
<!-- Generated by org.testng.reporters.JUnitReportReporter -->
<testsuite hostname="LAPTOP-6AKV2JN9" failures="0" tests="1" name="testScripts.LoginTest" time="26.582" errors="0" timestamp="2024-02-01T15:50:54 IST" skipped="0">
  <testcase classname="testScripts.LoginTest" name="verifyUserNOTAbleToLoginWithIncorrectUsernameAndCorrectPassword" time="26.582"/>
</testsuite> <!-- testScripts.LoginTest -->
