<?xml version="1.0" encoding="UTF-8"?>
<!-- Generated by org.testng.reporters.JUnitReportReporter -->
<testsuite hostname="LAPTOP-6AKV2JN9" failures="0" tests="1" name="testScripts.AdminUserTest" time="88.043" errors="0" timestamp="2024-02-05T06:13:11 IST" skipped="0">
  <testcase classname="testScripts.AdminUserTest" name="verifyThatUserIsAbleToAddAdminUsersInformationInAdminUsersLink" time="88.043"/>
</testsuite> <!-- testScripts.AdminUserTest -->
